# JRE version: OpenJDK Runtime Environment Homebrew (21.0.2) (build 21.0.2)
# Java VM: OpenJDK 64-Bit Server VM Homebrew (21.0.2, mixed mode, emulated-client, sharing, tiered, compressed oops, compressed class ptrs, g1 gc, bsd-aarch64)
GC Precious Log:
 CardTable entry size: 512
 Card Set container configuration: InlinePtr #cards 4 size 8 Array Of Cards #cards 32 size 80 Howl #buckets 8 coarsen threshold 7372 Howl Bitmap #cards 1024 size 144 coarsen threshold 921 Card regions per heap region 1 cards per card region 8192
 CPUs: 10 total, 10 available
 Memory: 32768M
 Large Page Support: Disabled
 NUMA Support: Disabled
 Compressed Oops: Enabled (Zero based)
 Heap Region Size: 4M
 Heap Min Capacity: 8M
 Heap Initial Capacity: 512M
 Heap Max Capacity: 8G
 Pre-touch: Disabled
 Parallel Workers: 9
 Concurrent Workers: 2
 Concurrent Refinement Workers: 9
 Periodic GC: Disabled
Heap:
 garbage-first heap   total 180224K, used 149089K [0x0000000600000000, 0x0000000800000000)
  region size 4096K, 15 young (61440K), 1 survivors (4096K)
 Metaspace       used 39712K, committed 41280K, reserved 1114112K
  class space    used 5603K, committed 6336K, reserved 1048576K
GC Heap History (16 events):
Event: 0.218 GC heap before
{Heap before GC invocations=0 (full 0):
 garbage-first heap   total 528384K, used 21516K [0x0000000600000000, 0x0000000800000000)
  region size 4096K, 6 young (24576K), 0 survivors (0K)
 Metaspace       used 3756K, committed 3968K, reserved 1114112K
  class space    used 449K, committed 512K, reserved 1048576K
}
Event: 0.221 GC heap after
{Heap after GC invocations=1 (full 0):
 garbage-first heap   total 528384K, used 13243K [0x0000000600000000, 0x0000000800000000)
  region size 4096K, 1 young (4096K), 1 survivors (4096K)
 Metaspace       used 3756K, committed 3968K, reserved 1114112K
  class space    used 449K, committed 512K, reserved 1048576K
}
Event: 0.262 GC heap before
{Heap before GC invocations=1 (full 0):
 garbage-first heap   total 528384K, used 33723K [0x0000000600000000, 0x0000000800000000)
  region size 4096K, 6 young (24576K), 1 survivors (4096K)
 Metaspace       used 3780K, committed 3968K, reserved 1114112K
  class space    used 453K, committed 512K, reserved 1048576K
}
Event: 0.264 GC heap after
{Heap after GC invocations=2 (full 0):
 garbage-first heap   total 528384K, used 18658K [0x0000000600000000, 0x0000000800000000)
  region size 4096K, 1 young (4096K), 1 survivors (4096K)
 Metaspace       used 3780K, committed 3968K, reserved 1114112K
  class space    used 453K, committed 512K, reserved 1048576K
}
Event: 0.413 GC heap before
{Heap before GC invocations=2 (full 0):
 garbage-first heap   total 528384K, used 51426K [0x0000000600000000, 0x0000000800000000)
  region size 4096K, 9 young (36864K), 1 survivors (4096K)
 Metaspace       used 6810K, committed 7168K, reserved 1114112K
  class space    used 860K, committed 1024K, reserved 1048576K
}
Event: 0.416 GC heap after
{Heap after GC invocations=3 (full 0):
 garbage-first heap   total 528384K, used 25705K [0x0000000600000000, 0x0000000800000000)
  region size 4096K, 2 young (8192K), 2 survivors (8192K)
 Metaspace       used 6810K, committed 7168K, reserved 1114112K
  class space    used 860K, committed 1024K, reserved 1048576K
}
Event: 0.636 GC heap before
{Heap before GC invocations=3 (full 0):
 garbage-first heap   total 528384K, used 78953K [0x0000000600000000, 0x0000000800000000)
  region size 4096K, 15 young (61440K), 2 survivors (8192K)
 Metaspace       used 13081K, committed 13440K, reserved 1114112K
  class space    used 1740K, committed 1920K, reserved 1048576K
}
Event: 0.640 GC heap after
{Heap after GC invocations=4 (full 0):
 garbage-first heap   total 528384K, used 30186K [0x0000000600000000, 0x0000000800000000)
  region size 4096K, 2 young (8192K), 2 survivors (8192K)
 Metaspace       used 13081K, committed 13440K, reserved 1114112K
  class space    used 1740K, committed 1920K, reserved 1048576K
}
Event: 0.780 GC heap before
{Heap before GC invocations=4 (full 0):
 garbage-first heap   total 528384K, used 124394K [0x0000000600000000, 0x0000000800000000)
  region size 4096K, 27 young (110592K), 2 survivors (8192K)
 Metaspace       used 20062K, committed 20992K, reserved 1114112K
  class space    used 2841K, committed 3264K, reserved 1048576K
}
Event: 0.784 GC heap after
{Heap after GC invocations=5 (full 0):
 garbage-first heap   total 643072K, used 36796K [0x0000000600000000, 0x0000000800000000)
  region size 4096K, 3 young (12288K), 3 survivors (12288K)
 Metaspace       used 20062K, committed 20992K, reserved 1114112K
  class space    used 2841K, committed 3264K, reserved 1048576K
}
Event: 0.931 GC heap before
{Heap before GC invocations=6 (full 0):
 garbage-first heap   total 180224K, used 131004K [0x0000000600000000, 0x0000000800000000)
  region size 4096K, 26 young (106496K), 3 survivors (12288K)
 Metaspace       used 24361K, committed 25664K, reserved 1114112K
  class space    used 3558K, committed 4160K, reserved 1048576K
}
Event: 0.935 GC heap after
{Heap after GC invocations=7 (full 0):
 garbage-first heap   total 180224K, used 39509K [0x0000000600000000, 0x0000000800000000)
  region size 4096K, 3 young (12288K), 3 survivors (12288K)
 Metaspace       used 24361K, committed 25664K, reserved 1114112K
  class space    used 3558K, committed 4160K, reserved 1048576K
}
Event: 1.205 GC heap before
{Heap before GC invocations=7 (full 0):
 garbage-first heap   total 180224K, used 129621K [0x0000000600000000, 0x0000000800000000)
  region size 4096K, 26 young (106496K), 3 survivors (12288K)
 Metaspace       used 32929K, committed 34432K, reserved 1114112K
  class space    used 4682K, committed 5440K, reserved 1048576K
}
Event: 1.209 GC heap after
{Heap after GC invocations=8 (full 0):
 garbage-first heap   total 180224K, used 49174K [0x0000000600000000, 0x0000000800000000)
  region size 4096K, 4 young (16384K), 4 survivors (16384K)
 Metaspace       used 32929K, committed 34432K, reserved 1114112K
  class space    used 4682K, committed 5440K, reserved 1048576K
}
Event: 1.223 GC heap before
{Heap before GC invocations=8 (full 0):
 garbage-first heap   total 180224K, used 53270K [0x0000000600000000, 0x0000000800000000)
  region size 4096K, 6 young (24576K), 4 survivors (16384K)
 Metaspace       used 33838K, committed 35328K, reserved 1114112K
  class space    used 4807K, committed 5568K, reserved 1048576K
}
Event: 1.227 GC heap after
{Heap after GC invocations=9 (full 0):
 garbage-first heap   total 180224K, used 50785K [0x0000000600000000, 0x0000000800000000)
  region size 4096K, 1 young (4096K), 1 survivors (4096K)
 Metaspace       used 33838K, committed 35328K, reserved 1114112K
  class space    used 4807K, committed 5568K, reserved 1048576K
}

