# JRE version: OpenJDK Runtime Environment Homebrew (21.0.2) (build 21.0.2)
# Java VM: OpenJDK 64-Bit Server VM Homebrew (21.0.2, mixed mode, emulated-client, sharing, tiered, compressed oops, compressed class ptrs, g1 gc, bsd-aarch64)
GC Precious Log:
 CardTable entry size: 512
 Card Set container configuration: InlinePtr #cards 4 size 8 Array Of Cards #cards 32 size 80 Howl #buckets 8 coarsen threshold 7372 Howl Bitmap #cards 1024 size 144 coarsen threshold 921 Card regions per heap region 1 cards per card region 8192
 CPUs: 10 total, 10 available
 Memory: 32768M
 Large Page Support: Disabled
 NUMA Support: Disabled
 Compressed Oops: Enabled (Zero based)
 Heap Region Size: 4M
 Heap Min Capacity: 8M
 Heap Initial Capacity: 512M
 Heap Max Capacity: 8G
 Pre-touch: Disabled
 Parallel Workers: 9
 Concurrent Workers: 2
 Concurrent Refinement Workers: 9
 Periodic GC: Disabled
Heap:
 garbage-first heap   total 204800K, used 148573K [0x0000000600000000, 0x0000000800000000)
  region size 4096K, 17 young (69632K), 3 survivors (12288K)
 Metaspace       used 42041K, committed 43520K, reserved 1114112K
  class space    used 5883K, committed 6592K, reserved 1048576K
GC Heap History (20 events):
Event: 0.216 GC heap before
{Heap before GC invocations=0 (full 0):
 garbage-first heap   total 528384K, used 21516K [0x0000000600000000, 0x0000000800000000)
  region size 4096K, 6 young (24576K), 0 survivors (0K)
 Metaspace       used 3756K, committed 3968K, reserved 1114112K
  class space    used 449K, committed 512K, reserved 1048576K
}
Event: 0.219 GC heap after
{Heap after GC invocations=1 (full 0):
 garbage-first heap   total 528384K, used 12811K [0x0000000600000000, 0x0000000800000000)
  region size 4096K, 1 young (4096K), 1 survivors (4096K)
 Metaspace       used 3756K, committed 3968K, reserved 1114112K
  class space    used 449K, committed 512K, reserved 1048576K
}
Event: 0.261 GC heap before
{Heap before GC invocations=1 (full 0):
 garbage-first heap   total 528384K, used 33291K [0x0000000600000000, 0x0000000800000000)
  region size 4096K, 6 young (24576K), 1 survivors (4096K)
 Metaspace       used 3780K, committed 3968K, reserved 1114112K
  class space    used 453K, committed 512K, reserved 1048576K
}
Event: 0.263 GC heap after
{Heap after GC invocations=2 (full 0):
 garbage-first heap   total 528384K, used 17911K [0x0000000600000000, 0x0000000800000000)
  region size 4096K, 1 young (4096K), 1 survivors (4096K)
 Metaspace       used 3780K, committed 3968K, reserved 1114112K
  class space    used 453K, committed 512K, reserved 1048576K
}
Event: 0.401 GC heap before
{Heap before GC invocations=2 (full 0):
 garbage-first heap   total 528384K, used 46583K [0x0000000600000000, 0x0000000800000000)
  region size 4096K, 9 young (36864K), 1 survivors (4096K)
 Metaspace       used 6556K, committed 6912K, reserved 1114112K
  class space    used 828K, committed 1024K, reserved 1048576K
}
Event: 0.404 GC heap after
{Heap after GC invocations=3 (full 0):
 garbage-first heap   total 528384K, used 25060K [0x0000000600000000, 0x0000000800000000)
  region size 4096K, 2 young (8192K), 2 survivors (8192K)
 Metaspace       used 6556K, committed 6912K, reserved 1114112K
  class space    used 828K, committed 1024K, reserved 1048576K
}
Event: 0.568 GC heap before
{Heap before GC invocations=3 (full 0):
 garbage-first heap   total 528384K, used 61924K [0x0000000600000000, 0x0000000800000000)
  region size 4096K, 12 young (49152K), 2 survivors (8192K)
 Metaspace       used 11528K, committed 11968K, reserved 1114112K
  class space    used 1495K, committed 1728K, reserved 1048576K
}
Event: 0.571 GC heap after
{Heap after GC invocations=4 (full 0):
 garbage-first heap   total 528384K, used 28497K [0x0000000600000000, 0x0000000800000000)
  region size 4096K, 1 young (4096K), 1 survivors (4096K)
 Metaspace       used 11528K, committed 11968K, reserved 1114112K
  class space    used 1495K, committed 1728K, reserved 1048576K
}
Event: 0.687 GC heap before
{Heap before GC invocations=5 (full 0):
 garbage-first heap   total 122880K, used 98129K [0x0000000600000000, 0x0000000800000000)
  region size 4096K, 18 young (73728K), 1 survivors (4096K)
 Metaspace       used 17797K, committed 18432K, reserved 1114112K
  class space    used 2496K, committed 2816K, reserved 1048576K
}
Event: 0.690 GC heap after
{Heap after GC invocations=6 (full 0):
 garbage-first heap   total 323584K, used 34344K [0x0000000600000000, 0x0000000800000000)
  region size 4096K, 3 young (12288K), 3 survivors (12288K)
 Metaspace       used 17797K, committed 18432K, reserved 1114112K
  class space    used 2496K, committed 2816K, reserved 1048576K
}
Event: 0.807 GC heap before
{Heap before GC invocations=6 (full 0):
 garbage-first heap   total 323584K, used 87592K [0x0000000600000000, 0x0000000800000000)
  region size 4096K, 18 young (73728K), 3 survivors (12288K)
 Metaspace       used 20583K, committed 21504K, reserved 1114112K
  class space    used 2929K, committed 3392K, reserved 1048576K
}
Event: 0.811 GC heap after
{Heap after GC invocations=7 (full 0):
 garbage-first heap   total 323584K, used 37052K [0x0000000600000000, 0x0000000800000000)
  region size 4096K, 3 young (12288K), 3 survivors (12288K)
 Metaspace       used 20583K, committed 21504K, reserved 1114112K
  class space    used 2929K, committed 3392K, reserved 1048576K
}
Event: 0.831 GC heap before
{Heap before GC invocations=7 (full 0):
 garbage-first heap   total 323584K, used 49340K [0x0000000600000000, 0x0000000800000000)
  region size 4096K, 7 young (28672K), 3 survivors (12288K)
 Metaspace       used 20845K, committed 21824K, reserved 1114112K
  class space    used 2969K, committed 3456K, reserved 1048576K
}
Event: 0.834 GC heap after
{Heap after GC invocations=8 (full 0):
 garbage-first heap   total 323584K, used 37209K [0x0000000600000000, 0x0000000800000000)
  region size 4096K, 3 young (12288K), 3 survivors (12288K)
 Metaspace       used 20845K, committed 21824K, reserved 1114112K
  class space    used 2969K, committed 3456K, reserved 1048576K
}
Event: 0.973 GC heap before
{Heap before GC invocations=9 (full 0):
 garbage-first heap   total 180224K, used 127321K [0x0000000600000000, 0x0000000800000000)
  region size 4096K, 26 young (106496K), 3 survivors (12288K)
 Metaspace       used 27501K, committed 28800K, reserved 1114112K
  class space    used 3925K, committed 4544K, reserved 1048576K
}
Event: 0.977 GC heap after
{Heap after GC invocations=10 (full 0):
 garbage-first heap   total 180224K, used 40319K [0x0000000600000000, 0x0000000800000000)
  region size 4096K, 3 young (12288K), 3 survivors (12288K)
 Metaspace       used 27501K, committed 28800K, reserved 1114112K
  class space    used 3925K, committed 4544K, reserved 1048576K
}
Event: 1.239 GC heap before
{Heap before GC invocations=10 (full 0):
 garbage-first heap   total 180224K, used 118143K [0x0000000600000000, 0x0000000800000000)
  region size 4096K, 24 young (98304K), 3 survivors (12288K)
 Metaspace       used 35501K, committed 36928K, reserved 1114112K
  class space    used 5038K, committed 5760K, reserved 1048576K
}
Event: 1.245 GC heap after
{Heap after GC invocations=11 (full 0):
 garbage-first heap   total 225280K, used 49241K [0x0000000600000000, 0x0000000800000000)
  region size 4096K, 4 young (16384K), 4 survivors (16384K)
 Metaspace       used 35501K, committed 36928K, reserved 1114112K
  class space    used 5038K, committed 5760K, reserved 1048576K
}
Event: 1.257 GC heap before
{Heap before GC invocations=11 (full 0):
 garbage-first heap   total 225280K, used 49241K [0x0000000600000000, 0x0000000800000000)
  region size 4096K, 5 young (20480K), 4 survivors (16384K)
 Metaspace       used 35815K, committed 37248K, reserved 1114112K
  class space    used 5088K, committed 5824K, reserved 1048576K
}
Event: 1.261 GC heap after
{Heap after GC invocations=12 (full 0):
 garbage-first heap   total 225280K, used 50269K [0x0000000600000000, 0x0000000800000000)
  region size 4096K, 3 young (12288K), 3 survivors (12288K)
 Metaspace       used 35815K, committed 37248K, reserved 1114112K
  class space    used 5088K, committed 5824K, reserved 1048576K
}

