# JRE version: OpenJDK Runtime Environment Homebrew (21.0.2) (build 21.0.2)
# Java VM: OpenJDK 64-Bit Server VM Homebrew (21.0.2, mixed mode, emulated-client, sharing, tiered, compressed oops, compressed class ptrs, g1 gc, bsd-aarch64)
GC Precious Log:
 CardTable entry size: 512
 Card Set container configuration: InlinePtr #cards 4 size 8 Array Of Cards #cards 32 size 80 Howl #buckets 8 coarsen threshold 7372 Howl Bitmap #cards 1024 size 144 coarsen threshold 921 Card regions per heap region 1 cards per card region 8192
 CPUs: 10 total, 10 available
 Memory: 32768M
 Large Page Support: Disabled
 NUMA Support: Disabled
 Compressed Oops: Enabled (Zero based)
 Heap Region Size: 4M
 Heap Min Capacity: 8M
 Heap Initial Capacity: 512M
 Heap Max Capacity: 8G
 Pre-touch: Disabled
 Parallel Workers: 9
 Concurrent Workers: 2
 Concurrent Refinement Workers: 9
 Periodic GC: Disabled
Heap:
 garbage-first heap   total 327680K, used 113897K [0x0000000600000000, 0x0000000800000000)
  region size 4096K, 8 young (32768K), 1 survivors (4096K)
 Metaspace       used 64103K, committed 65920K, reserved 1114112K
  class space    used 8889K, committed 9792K, reserved 1048576K
GC Heap History (20 events):
Event: 0.326 GC heap before
{Heap before GC invocations=2 (full 0):
 garbage-first heap   total 528384K, used 46030K [0x0000000600000000, 0x0000000800000000)
  region size 4096K, 7 young (28672K), 1 survivors (4096K)
 Metaspace       used 3780K, committed 3968K, reserved 1114112K
  class space    used 453K, committed 512K, reserved 1048576K
}
Event: 0.329 GC heap after
{Heap after GC invocations=3 (full 0):
 garbage-first heap   total 528384K, used 28151K [0x0000000600000000, 0x0000000800000000)
  region size 4096K, 1 young (4096K), 1 survivors (4096K)
 Metaspace       used 3780K, committed 3968K, reserved 1114112K
  class space    used 453K, committed 512K, reserved 1048576K
}
Event: 0.563 GC heap before
{Heap before GC invocations=3 (full 0):
 garbage-first heap   total 528384K, used 73207K [0x0000000600000000, 0x0000000800000000)
  region size 4096K, 12 young (49152K), 1 survivors (4096K)
 Metaspace       used 8522K, committed 8960K, reserved 1114112K
  class space    used 1114K, committed 1344K, reserved 1048576K
}
Event: 0.567 GC heap after
{Heap after GC invocations=4 (full 0):
 garbage-first heap   total 528384K, used 36408K [0x0000000600000000, 0x0000000800000000)
  region size 4096K, 2 young (8192K), 2 survivors (8192K)
 Metaspace       used 8522K, committed 8960K, reserved 1114112K
  class space    used 1114K, committed 1344K, reserved 1048576K
}
Event: 0.805 GC heap before
{Heap before GC invocations=4 (full 0):
 garbage-first heap   total 528384K, used 89656K [0x0000000600000000, 0x0000000800000000)
  region size 4096K, 15 young (61440K), 2 survivors (8192K)
 Metaspace       used 14311K, committed 14720K, reserved 1114112K
  class space    used 1915K, committed 2112K, reserved 1048576K
}
Event: 0.808 GC heap after
{Heap after GC invocations=5 (full 0):
 garbage-first heap   total 667648K, used 41219K [0x0000000600000000, 0x0000000800000000)
  region size 4096K, 2 young (8192K), 2 survivors (8192K)
 Metaspace       used 14311K, committed 14720K, reserved 1114112K
  class space    used 1915K, committed 2112K, reserved 1048576K
}
Event: 0.867 GC heap before
{Heap before GC invocations=5 (full 0):
 garbage-first heap   total 667648K, used 114947K [0x0000000600000000, 0x0000000800000000)
  region size 4096K, 21 young (86016K), 2 survivors (8192K)
 Metaspace       used 20758K, committed 21504K, reserved 1114112K
  class space    used 2856K, committed 3200K, reserved 1048576K
}
Event: 0.870 GC heap after
{Heap after GC invocations=6 (full 0):
 garbage-first heap   total 667648K, used 49315K [0x0000000600000000, 0x0000000800000000)
  region size 4096K, 4 young (16384K), 4 survivors (16384K)
 Metaspace       used 20758K, committed 21504K, reserved 1114112K
  class space    used 2856K, committed 3200K, reserved 1048576K
}
Event: 1.058 GC heap before
{Heap before GC invocations=7 (full 0):
 garbage-first heap   total 245760K, used 180387K [0x0000000600000000, 0x0000000800000000)
  region size 4096K, 36 young (147456K), 4 survivors (16384K)
 Metaspace       used 27831K, committed 28928K, reserved 1114112K
  class space    used 3875K, committed 4416K, reserved 1048576K
}
Event: 1.068 GC heap after
{Heap after GC invocations=8 (full 0):
 garbage-first heap   total 245760K, used 61728K [0x0000000600000000, 0x0000000800000000)
  region size 4096K, 5 young (20480K), 5 survivors (20480K)
 Metaspace       used 27831K, committed 28928K, reserved 1114112K
  class space    used 3875K, committed 4416K, reserved 1048576K
}
Event: 1.203 GC heap before
{Heap before GC invocations=8 (full 0):
 garbage-first heap   total 245760K, used 164128K [0x0000000600000000, 0x0000000800000000)
  region size 4096K, 31 young (126976K), 5 survivors (20480K)
 Metaspace       used 32055K, committed 33280K, reserved 1114112K
  class space    used 4566K, committed 5120K, reserved 1048576K
}
Event: 1.212 GC heap after
{Heap after GC invocations=9 (full 0):
 garbage-first heap   total 245760K, used 68992K [0x0000000600000000, 0x0000000800000000)
  region size 4096K, 2 young (8192K), 2 survivors (8192K)
 Metaspace       used 32055K, committed 33280K, reserved 1114112K
  class space    used 4566K, committed 5120K, reserved 1048576K
}
Event: 1.326 GC heap before
{Heap before GC invocations=9 (full 0):
 garbage-first heap   total 245760K, used 118144K [0x0000000600000000, 0x0000000800000000)
  region size 4096K, 16 young (65536K), 2 survivors (8192K)
 Metaspace       used 35754K, committed 37248K, reserved 1114112K
  class space    used 5146K, committed 5888K, reserved 1048576K
}
Event: 1.328 GC heap after
{Heap after GC invocations=10 (full 0):
 garbage-first heap   total 245760K, used 70573K [0x0000000600000000, 0x0000000800000000)
  region size 4096K, 3 young (12288K), 3 survivors (12288K)
 Metaspace       used 35754K, committed 37248K, reserved 1114112K
  class space    used 5146K, committed 5888K, reserved 1048576K
}
Event: 1.710 GC heap before
{Heap before GC invocations=11 (full 0):
 garbage-first heap   total 245760K, used 189357K [0x0000000600000000, 0x0000000800000000)
  region size 4096K, 33 young (135168K), 3 survivors (12288K)
 Metaspace       used 47542K, committed 49216K, reserved 1114112K
  class space    used 6783K, committed 7616K, reserved 1048576K
}
Event: 1.715 GC heap after
{Heap after GC invocations=12 (full 0):
 garbage-first heap   total 245760K, used 88113K [0x0000000600000000, 0x0000000800000000)
  region size 4096K, 5 young (20480K), 5 survivors (20480K)
 Metaspace       used 47542K, committed 49216K, reserved 1114112K
  class space    used 6783K, committed 7616K, reserved 1048576K
}
Event: 21.049 GC heap before
{Heap before GC invocations=12 (full 0):
 garbage-first heap   total 245760K, used 223281K [0x0000000600000000, 0x0000000800000000)
  region size 4096K, 28 young (114688K), 5 survivors (20480K)
 Metaspace       used 61615K, committed 63360K, reserved 1114112K
  class space    used 8584K, committed 9472K, reserved 1048576K
}
Event: 21.055 GC heap after
{Heap after GC invocations=13 (full 0):
 garbage-first heap   total 356352K, used 90494K [0x0000000600000000, 0x0000000800000000)
  region size 4096K, 2 young (8192K), 2 survivors (8192K)
 Metaspace       used 61615K, committed 63360K, reserved 1114112K
  class space    used 8584K, committed 9472K, reserved 1048576K
}
Event: 21.059 GC heap before
{Heap before GC invocations=13 (full 0):
 garbage-first heap   total 356352K, used 94590K [0x0000000600000000, 0x0000000800000000)
  region size 4096K, 4 young (16384K), 2 survivors (8192K)
 Metaspace       used 61956K, committed 63680K, reserved 1114112K
  class space    used 8629K, committed 9472K, reserved 1048576K
}
Event: 21.061 GC heap after
{Heap after GC invocations=14 (full 0):
 garbage-first heap   total 356352K, used 89321K [0x0000000600000000, 0x0000000800000000)
  region size 4096K, 1 young (4096K), 1 survivors (4096K)
 Metaspace       used 61956K, committed 63680K, reserved 1114112K
  class space    used 8629K, committed 9472K, reserved 1048576K
}

