# JRE version: OpenJDK Runtime Environment Homebrew (21.0.2) (build 21.0.2)
# Java VM: OpenJDK 64-Bit Server VM Homebrew (21.0.2, mixed mode, emulated-client, sharing, tiered, compressed oops, compressed class ptrs, g1 gc, bsd-aarch64)
GC Precious Log:
 CardTable entry size: 512
 Card Set container configuration: InlinePtr #cards 4 size 8 Array Of Cards #cards 32 size 80 Howl #buckets 8 coarsen threshold 7372 Howl Bitmap #cards 1024 size 144 coarsen threshold 921 Card regions per heap region 1 cards per card region 8192
 CPUs: 10 total, 10 available
 Memory: 32768M
 Large Page Support: Disabled
 NUMA Support: Disabled
 Compressed Oops: Enabled (Zero based)
 Heap Region Size: 4M
 Heap Min Capacity: 8M
 Heap Initial Capacity: 512M
 Heap Max Capacity: 8G
 Pre-touch: Disabled
 Parallel Workers: 9
 Concurrent Workers: 2
 Concurrent Refinement Workers: 9
 Periodic GC: Disabled
Heap:
 garbage-first heap   total 319488K, used 100229K [0x0000000600000000, 0x0000000800000000)
  region size 4096K, 7 young (28672K), 1 survivors (4096K)
 Metaspace       used 64149K, committed 65920K, reserved 1114112K
  class space    used 8901K, committed 9728K, reserved 1048576K
GC Heap History (20 events):
Event: 0.347 GC heap before
{Heap before GC invocations=2 (full 0):
 garbage-first heap   total 528384K, used 46374K [0x0000000600000000, 0x0000000800000000)
  region size 4096K, 7 young (28672K), 1 survivors (4096K)
 Metaspace       used 3780K, committed 3968K, reserved 1114112K
  class space    used 453K, committed 512K, reserved 1048576K
}
Event: 0.350 GC heap after
{Heap after GC invocations=3 (full 0):
 garbage-first heap   total 528384K, used 28310K [0x0000000600000000, 0x0000000800000000)
  region size 4096K, 1 young (4096K), 1 survivors (4096K)
 Metaspace       used 3780K, committed 3968K, reserved 1114112K
  class space    used 453K, committed 512K, reserved 1048576K
}
Event: 0.600 GC heap before
{Heap before GC invocations=3 (full 0):
 garbage-first heap   total 528384K, used 69270K [0x0000000600000000, 0x0000000800000000)
  region size 4096K, 12 young (49152K), 1 survivors (4096K)
 Metaspace       used 8527K, committed 8960K, reserved 1114112K
  class space    used 1116K, committed 1344K, reserved 1048576K
}
Event: 0.604 GC heap after
{Heap after GC invocations=4 (full 0):
 garbage-first heap   total 528384K, used 36670K [0x0000000600000000, 0x0000000800000000)
  region size 4096K, 2 young (8192K), 2 survivors (8192K)
 Metaspace       used 8527K, committed 8960K, reserved 1114112K
  class space    used 1116K, committed 1344K, reserved 1048576K
}
Event: 0.811 GC heap before
{Heap before GC invocations=4 (full 0):
 garbage-first heap   total 528384K, used 89918K [0x0000000600000000, 0x0000000800000000)
  region size 4096K, 15 young (61440K), 2 survivors (8192K)
 Metaspace       used 14174K, committed 14592K, reserved 1114112K
  class space    used 1895K, committed 2112K, reserved 1048576K
}
Event: 0.815 GC heap after
{Heap after GC invocations=5 (full 0):
 garbage-first heap   total 696320K, used 41786K [0x0000000600000000, 0x0000000800000000)
  region size 4096K, 2 young (8192K), 2 survivors (8192K)
 Metaspace       used 14174K, committed 14592K, reserved 1114112K
  class space    used 1895K, committed 2112K, reserved 1048576K
}
Event: 0.880 GC heap before
{Heap before GC invocations=5 (full 0):
 garbage-first heap   total 696320K, used 111418K [0x0000000600000000, 0x0000000800000000)
  region size 4096K, 20 young (81920K), 2 survivors (8192K)
 Metaspace       used 20759K, committed 21504K, reserved 1114112K
  class space    used 2832K, committed 3200K, reserved 1048576K
}
Event: 0.883 GC heap after
{Heap after GC invocations=6 (full 0):
 garbage-first heap   total 696320K, used 48492K [0x0000000600000000, 0x0000000800000000)
  region size 4096K, 3 young (12288K), 3 survivors (12288K)
 Metaspace       used 20759K, committed 21504K, reserved 1114112K
  class space    used 2832K, committed 3200K, reserved 1048576K
}
Event: 1.066 GC heap before
{Heap before GC invocations=7 (full 0):
 garbage-first heap   total 233472K, used 171372K [0x0000000600000000, 0x0000000800000000)
  region size 4096K, 34 young (139264K), 3 survivors (12288K)
 Metaspace       used 27127K, committed 28288K, reserved 1114112K
  class space    used 3787K, committed 4352K, reserved 1048576K
}
Event: 1.077 GC heap after
{Heap after GC invocations=8 (full 0):
 garbage-first heap   total 233472K, used 61940K [0x0000000600000000, 0x0000000800000000)
  region size 4096K, 5 young (20480K), 5 survivors (20480K)
 Metaspace       used 27127K, committed 28288K, reserved 1114112K
  class space    used 3787K, committed 4352K, reserved 1048576K
}
Event: 1.226 GC heap before
{Heap before GC invocations=8 (full 0):
 garbage-first heap   total 233472K, used 160244K [0x0000000600000000, 0x0000000800000000)
  region size 4096K, 30 young (122880K), 5 survivors (20480K)
 Metaspace       used 31937K, committed 33216K, reserved 1114112K
  class space    used 4560K, committed 5184K, reserved 1048576K
}
Event: 1.235 GC heap after
{Heap after GC invocations=9 (full 0):
 garbage-first heap   total 233472K, used 68961K [0x0000000600000000, 0x0000000800000000)
  region size 4096K, 2 young (8192K), 2 survivors (8192K)
 Metaspace       used 31937K, committed 33216K, reserved 1114112K
  class space    used 4560K, committed 5184K, reserved 1048576K
}
Event: 1.346 GC heap before
{Heap before GC invocations=9 (full 0):
 garbage-first heap   total 233472K, used 122209K [0x0000000600000000, 0x0000000800000000)
  region size 4096K, 17 young (69632K), 2 survivors (8192K)
 Metaspace       used 35620K, committed 37120K, reserved 1114112K
  class space    used 5139K, committed 5888K, reserved 1048576K
}
Event: 1.348 GC heap after
{Heap after GC invocations=10 (full 0):
 garbage-first heap   total 319488K, used 70088K [0x0000000600000000, 0x0000000800000000)
  region size 4096K, 3 young (12288K), 3 survivors (12288K)
 Metaspace       used 35620K, committed 37120K, reserved 1114112K
  class space    used 5139K, committed 5888K, reserved 1048576K
}
Event: 2.219 GC heap before
{Heap before GC invocations=11 (full 0):
 garbage-first heap   total 303104K, used 283080K [0x0000000600000000, 0x0000000800000000)
  region size 4096K, 44 young (180224K), 3 survivors (12288K)
 Metaspace       used 53307K, committed 55040K, reserved 1114112K
  class space    used 7591K, committed 8448K, reserved 1048576K
}
Event: 2.224 GC heap after
{Heap after GC invocations=12 (full 0):
 garbage-first heap   total 319488K, used 83440K [0x0000000600000000, 0x0000000800000000)
  region size 4096K, 6 young (24576K), 6 survivors (24576K)
 Metaspace       used 53307K, committed 55040K, reserved 1114112K
  class space    used 7591K, committed 8448K, reserved 1048576K
}
Event: 111.331 GC heap before
{Heap before GC invocations=12 (full 0):
 garbage-first heap   total 319488K, used 128496K [0x0000000600000000, 0x0000000800000000)
  region size 4096K, 19 young (77824K), 6 survivors (24576K)
 Metaspace       used 61588K, committed 63360K, reserved 1114112K
  class space    used 8597K, committed 9472K, reserved 1048576K
}
Event: 111.338 GC heap after
{Heap after GC invocations=13 (full 0):
 garbage-first heap   total 319488K, used 85925K [0x0000000600000000, 0x0000000800000000)
  region size 4096K, 1 young (4096K), 1 survivors (4096K)
 Metaspace       used 61588K, committed 63360K, reserved 1114112K
  class space    used 8597K, committed 9472K, reserved 1048576K
}
Event: 111.347 GC heap before
{Heap before GC invocations=13 (full 0):
 garbage-first heap   total 319488K, used 85925K [0x0000000600000000, 0x0000000800000000)
  region size 4096K, 2 young (8192K), 1 survivors (4096K)
 Metaspace       used 61928K, committed 63680K, reserved 1114112K
  class space    used 8632K, committed 9472K, reserved 1048576K
}
Event: 111.349 GC heap after
{Heap after GC invocations=14 (full 0):
 garbage-first heap   total 319488K, used 83845K [0x0000000600000000, 0x0000000800000000)
  region size 4096K, 1 young (4096K), 1 survivors (4096K)
 Metaspace       used 61928K, committed 63680K, reserved 1114112K
  class space    used 8632K, committed 9472K, reserved 1048576K
}

