# JRE version: OpenJDK Runtime Environment Homebrew (21.0.2) (build 21.0.2)
# Java VM: OpenJDK 64-Bit Server VM Homebrew (21.0.2, mixed mode, emulated-client, sharing, tiered, compressed oops, compressed class ptrs, g1 gc, bsd-aarch64)
GC Precious Log:
 CardTable entry size: 512
 Card Set container configuration: InlinePtr #cards 4 size 8 Array Of Cards #cards 32 size 80 Howl #buckets 8 coarsen threshold 7372 Howl Bitmap #cards 1024 size 144 coarsen threshold 921 Card regions per heap region 1 cards per card region 8192
 CPUs: 10 total, 10 available
 Memory: 32768M
 Large Page Support: Disabled
 NUMA Support: Disabled
 Compressed Oops: Enabled (Zero based)
 Heap Region Size: 4M
 Heap Min Capacity: 8M
 Heap Initial Capacity: 512M
 Heap Max Capacity: 8G
 Pre-touch: Disabled
 Parallel Workers: 9
 Concurrent Workers: 2
 Concurrent Refinement Workers: 9
 Periodic GC: Disabled
Heap:
 garbage-first heap   total 331776K, used 104408K [0x0000000600000000, 0x0000000800000000)
  region size 4096K, 7 young (28672K), 1 survivors (4096K)
 Metaspace       used 64262K, committed 66048K, reserved 1114112K
  class space    used 8947K, committed 9792K, reserved 1048576K
GC Heap History (20 events):
Event: 0.764 GC heap before
{Heap before GC invocations=6 (full 0):
 garbage-first heap   total 163840K, used 122985K [0x0000000600000000, 0x0000000800000000)
  region size 4096K, 24 young (98304K), 2 survivors (8192K)
 Metaspace       used 18222K, committed 18880K, reserved 1114112K
  class space    used 2525K, committed 2816K, reserved 1048576K
}
Event: 0.767 GC heap after
{Heap after GC invocations=7 (full 0):
 garbage-first heap   total 163840K, used 43677K [0x0000000600000000, 0x0000000800000000)
  region size 4096K, 3 young (12288K), 3 survivors (12288K)
 Metaspace       used 18222K, committed 18880K, reserved 1114112K
  class space    used 2525K, committed 2816K, reserved 1048576K
}
Event: 0.788 GC heap before
{Heap before GC invocations=7 (full 0):
 garbage-first heap   total 163840K, used 72349K [0x0000000600000000, 0x0000000800000000)
  region size 4096K, 11 young (45056K), 3 survivors (12288K)
 Metaspace       used 20705K, committed 21568K, reserved 1114112K
  class space    used 2843K, committed 3264K, reserved 1048576K
}
Event: 0.792 GC heap after
{Heap after GC invocations=8 (full 0):
 garbage-first heap   total 163840K, used 47647K [0x0000000600000000, 0x0000000800000000)
  region size 4096K, 2 young (8192K), 2 survivors (8192K)
 Metaspace       used 20705K, committed 21568K, reserved 1114112K
  class space    used 2843K, committed 3264K, reserved 1048576K
}
Event: 0.800 GC heap before
{Heap before GC invocations=8 (full 0):
 garbage-first heap   total 163840K, used 51743K [0x0000000600000000, 0x0000000800000000)
  region size 4096K, 4 young (16384K), 2 survivors (8192K)
 Metaspace       used 21075K, committed 21824K, reserved 1114112K
  class space    used 2901K, committed 3264K, reserved 1048576K
}
Event: 0.802 GC heap after
{Heap after GC invocations=9 (full 0):
 garbage-first heap   total 163840K, used 48853K [0x0000000600000000, 0x0000000800000000)
  region size 4096K, 2 young (8192K), 2 survivors (8192K)
 Metaspace       used 21075K, committed 21824K, reserved 1114112K
  class space    used 2901K, committed 3264K, reserved 1048576K
}
Event: 0.917 GC heap before
{Heap before GC invocations=10 (full 0):
 garbage-first heap   total 163840K, used 110293K [0x0000000600000000, 0x0000000800000000)
  region size 4096K, 18 young (73728K), 2 survivors (8192K)
 Metaspace       used 24157K, committed 24960K, reserved 1114112K
  class space    used 3290K, committed 3648K, reserved 1048576K
}
Event: 0.922 GC heap after
{Heap after GC invocations=11 (full 0):
 garbage-first heap   total 163840K, used 66389K [0x0000000600000000, 0x0000000800000000)
  region size 4096K, 3 young (12288K), 3 survivors (12288K)
 Metaspace       used 24157K, committed 24960K, reserved 1114112K
  class space    used 3290K, committed 3648K, reserved 1048576K
}
Event: 0.971 GC heap before
{Heap before GC invocations=11 (full 0):
 garbage-first heap   total 163840K, used 115541K [0x0000000600000000, 0x0000000800000000)
  region size 4096K, 16 young (65536K), 3 survivors (12288K)
 Metaspace       used 27795K, committed 28928K, reserved 1114112K
  class space    used 3883K, committed 4480K, reserved 1048576K
}
Event: 0.975 GC heap after
{Heap after GC invocations=12 (full 0):
 garbage-first heap   total 163840K, used 70604K [0x0000000600000000, 0x0000000800000000)
  region size 4096K, 1 young (4096K), 1 survivors (4096K)
 Metaspace       used 27795K, committed 28928K, reserved 1114112K
  class space    used 3883K, committed 4480K, reserved 1048576K
}
Event: 1.058 GC heap before
{Heap before GC invocations=12 (full 0):
 garbage-first heap   total 163840K, used 119756K [0x0000000600000000, 0x0000000800000000)
  region size 4096K, 14 young (57344K), 1 survivors (4096K)
 Metaspace       used 30450K, committed 31616K, reserved 1114112K
  class space    used 4330K, committed 4928K, reserved 1048576K
}
Event: 1.060 GC heap after
{Heap after GC invocations=13 (full 0):
 garbage-first heap   total 323584K, used 72875K [0x0000000600000000, 0x0000000800000000)
  region size 4096K, 2 young (8192K), 2 survivors (8192K)
 Metaspace       used 30450K, committed 31616K, reserved 1114112K
  class space    used 4330K, committed 4928K, reserved 1048576K
}
Event: 1.223 GC heap before
{Heap before GC invocations=13 (full 0):
 garbage-first heap   total 323584K, used 171179K [0x0000000600000000, 0x0000000800000000)
  region size 4096K, 28 young (114688K), 2 survivors (8192K)
 Metaspace       used 35976K, committed 37440K, reserved 1114112K
  class space    used 5213K, committed 5952K, reserved 1048576K
}
Event: 1.226 GC heap after
{Heap after GC invocations=14 (full 0):
 garbage-first heap   total 323584K, used 78197K [0x0000000600000000, 0x0000000800000000)
  region size 4096K, 3 young (12288K), 3 survivors (12288K)
 Metaspace       used 35976K, committed 37440K, reserved 1114112K
  class space    used 5213K, committed 5952K, reserved 1048576K
}
Event: 2.055 GC heap before
{Heap before GC invocations=15 (full 0):
 garbage-first heap   total 315392K, used 299381K [0x0000000600000000, 0x0000000800000000)
  region size 4096K, 46 young (188416K), 3 survivors (12288K)
 Metaspace       used 54155K, committed 55936K, reserved 1114112K
  class space    used 7740K, committed 8640K, reserved 1048576K
}
Event: 2.060 GC heap after
{Heap after GC invocations=16 (full 0):
 garbage-first heap   total 331776K, used 91251K [0x0000000600000000, 0x0000000800000000)
  region size 4096K, 6 young (24576K), 6 survivors (24576K)
 Metaspace       used 54155K, committed 55936K, reserved 1114112K
  class space    used 7740K, committed 8640K, reserved 1048576K
}
Event: 24.026 GC heap before
{Heap before GC invocations=16 (full 0):
 garbage-first heap   total 331776K, used 132211K [0x0000000600000000, 0x0000000800000000)
  region size 4096K, 18 young (73728K), 6 survivors (24576K)
 Metaspace       used 61917K, committed 63680K, reserved 1114112K
  class space    used 8662K, committed 9536K, reserved 1048576K
}
Event: 24.033 GC heap after
{Heap after GC invocations=17 (full 0):
 garbage-first heap   total 331776K, used 90262K [0x0000000600000000, 0x0000000800000000)
  region size 4096K, 1 young (4096K), 1 survivors (4096K)
 Metaspace       used 61917K, committed 63680K, reserved 1114112K
  class space    used 8662K, committed 9536K, reserved 1048576K
}
Event: 24.041 GC heap before
{Heap before GC invocations=17 (full 0):
 garbage-first heap   total 331776K, used 94358K [0x0000000600000000, 0x0000000800000000)
  region size 4096K, 3 young (12288K), 1 survivors (4096K)
 Metaspace       used 62214K, committed 64000K, reserved 1114112K
  class space    used 8704K, committed 9600K, reserved 1048576K
}
Event: 24.043 GC heap after
{Heap after GC invocations=18 (full 0):
 garbage-first heap   total 331776K, used 88024K [0x0000000600000000, 0x0000000800000000)
  region size 4096K, 1 young (4096K), 1 survivors (4096K)
 Metaspace       used 62214K, committed 64000K, reserved 1114112K
  class space    used 8704K, committed 9600K, reserved 1048576K
}

