# JRE version: OpenJDK Runtime Environment Homebrew (21.0.2) (build 21.0.2)
# Java VM: OpenJDK 64-Bit Server VM Homebrew (21.0.2, mixed mode, emulated-client, sharing, tiered, compressed oops, compressed class ptrs, g1 gc, bsd-aarch64)
GC Precious Log:
 CardTable entry size: 512
 Card Set container configuration: InlinePtr #cards 4 size 8 Array Of Cards #cards 32 size 80 Howl #buckets 8 coarsen threshold 7372 Howl Bitmap #cards 1024 size 144 coarsen threshold 921 Card regions per heap region 1 cards per card region 8192
 CPUs: 10 total, 10 available
 Memory: 32768M
 Large Page Support: Disabled
 NUMA Support: Disabled
 Compressed Oops: Enabled (Zero based)
 Heap Region Size: 4M
 Heap Min Capacity: 8M
 Heap Initial Capacity: 512M
 Heap Max Capacity: 8G
 Pre-touch: Disabled
 Parallel Workers: 9
 Concurrent Workers: 2
 Concurrent Refinement Workers: 9
 Periodic GC: Disabled
Heap:
 garbage-first heap   total 319488K, used 210025K [0x0000000600000000, 0x0000000800000000)
  region size 4096K, 32 young (131072K), 6 survivors (24576K)
 Metaspace       used 75351K, committed 77248K, reserved 1179648K
  class space    used 10384K, committed 11328K, reserved 1048576K
GC Heap History (20 events):
Event: 0.787 GC heap before
{Heap before GC invocations=7 (full 0):
 garbage-first heap   total 163840K, used 69334K [0x0000000600000000, 0x0000000800000000)
  region size 4096K, 11 young (45056K), 3 survivors (12288K)
 Metaspace       used 20787K, committed 21504K, reserved 1114112K
  class space    used 2868K, committed 3264K, reserved 1048576K
}
Event: 0.791 GC heap after
{Heap after GC invocations=8 (full 0):
 garbage-first heap   total 163840K, used 49154K [0x0000000600000000, 0x0000000800000000)
  region size 4096K, 2 young (8192K), 2 survivors (8192K)
 Metaspace       used 20787K, committed 21504K, reserved 1114112K
  class space    used 2868K, committed 3264K, reserved 1048576K
}
Event: 0.794 GC heap before
{Heap before GC invocations=8 (full 0):
 garbage-first heap   total 163840K, used 53250K [0x0000000600000000, 0x0000000800000000)
  region size 4096K, 4 young (16384K), 2 survivors (8192K)
 Metaspace       used 21095K, committed 21824K, reserved 1114112K
  class space    used 2913K, committed 3264K, reserved 1048576K
}
Event: 0.795 GC heap after
{Heap after GC invocations=9 (full 0):
 garbage-first heap   total 163840K, used 48624K [0x0000000600000000, 0x0000000800000000)
  region size 4096K, 2 young (8192K), 2 survivors (8192K)
 Metaspace       used 21095K, committed 21824K, reserved 1114112K
  class space    used 2913K, committed 3264K, reserved 1048576K
}
Event: 0.910 GC heap before
{Heap before GC invocations=10 (full 0):
 garbage-first heap   total 163840K, used 118256K [0x0000000600000000, 0x0000000800000000)
  region size 4096K, 20 young (81920K), 2 survivors (8192K)
 Metaspace       used 24423K, committed 25216K, reserved 1114112K
  class space    used 3348K, committed 3712K, reserved 1048576K
}
Event: 0.916 GC heap after
{Heap after GC invocations=11 (full 0):
 garbage-first heap   total 163840K, used 67537K [0x0000000600000000, 0x0000000800000000)
  region size 4096K, 3 young (12288K), 3 survivors (12288K)
 Metaspace       used 24423K, committed 25216K, reserved 1114112K
  class space    used 3348K, committed 3712K, reserved 1048576K
}
Event: 0.984 GC heap before
{Heap before GC invocations=11 (full 0):
 garbage-first heap   total 163840K, used 120785K [0x0000000600000000, 0x0000000800000000)
  region size 4096K, 17 young (69632K), 3 survivors (12288K)
 Metaspace       used 28360K, committed 29504K, reserved 1114112K
  class space    used 3963K, committed 4544K, reserved 1048576K
}
Event: 0.989 GC heap after
{Heap after GC invocations=12 (full 0):
 garbage-first heap   total 163840K, used 70692K [0x0000000600000000, 0x0000000800000000)
  region size 4096K, 1 young (4096K), 1 survivors (4096K)
 Metaspace       used 28360K, committed 29504K, reserved 1114112K
  class space    used 3963K, committed 4544K, reserved 1048576K
}
Event: 1.075 GC heap before
{Heap before GC invocations=12 (full 0):
 garbage-first heap   total 163840K, used 128036K [0x0000000600000000, 0x0000000800000000)
  region size 4096K, 15 young (61440K), 1 survivors (4096K)
 Metaspace       used 31010K, committed 32320K, reserved 1114112K
  class space    used 4429K, committed 5056K, reserved 1048576K
}
Event: 1.077 GC heap after
{Heap after GC invocations=13 (full 0):
 garbage-first heap   total 299008K, used 73115K [0x0000000600000000, 0x0000000800000000)
  region size 4096K, 2 young (8192K), 2 survivors (8192K)
 Metaspace       used 31010K, committed 32320K, reserved 1114112K
  class space    used 4429K, committed 5056K, reserved 1048576K
}
Event: 1.214 GC heap before
{Heap before GC invocations=13 (full 0):
 garbage-first heap   total 299008K, used 155035K [0x0000000600000000, 0x0000000800000000)
  region size 4096K, 24 young (98304K), 2 survivors (8192K)
 Metaspace       used 35958K, committed 37440K, reserved 1114112K
  class space    used 5197K, committed 5952K, reserved 1048576K
}
Event: 1.217 GC heap after
{Heap after GC invocations=14 (full 0):
 garbage-first heap   total 299008K, used 77655K [0x0000000600000000, 0x0000000800000000)
  region size 4096K, 3 young (12288K), 3 survivors (12288K)
 Metaspace       used 35958K, committed 37440K, reserved 1114112K
  class space    used 5197K, committed 5952K, reserved 1048576K
}
Event: 1.989 GC heap before
{Heap before GC invocations=15 (full 0):
 garbage-first heap   total 299008K, used 286551K [0x0000000600000000, 0x0000000800000000)
  region size 4096K, 43 young (176128K), 3 survivors (12288K)
 Metaspace       used 52157K, committed 53888K, reserved 1114112K
  class space    used 7445K, committed 8320K, reserved 1048576K
}
Event: 1.994 GC heap after
{Heap after GC invocations=16 (full 0):
 garbage-first heap   total 319488K, used 90348K [0x0000000600000000, 0x0000000800000000)
  region size 4096K, 6 young (24576K), 6 survivors (24576K)
 Metaspace       used 52157K, committed 53888K, reserved 1114112K
  class space    used 7445K, committed 8320K, reserved 1048576K
}
Event: 11.162 GC heap before
{Heap before GC invocations=16 (full 0):
 garbage-first heap   total 319488K, used 139500K [0x0000000600000000, 0x0000000800000000)
  region size 4096K, 20 young (81920K), 6 survivors (24576K)
 Metaspace       used 61832K, committed 63616K, reserved 1114112K
  class space    used 8638K, committed 9536K, reserved 1048576K
}
Event: 11.168 GC heap after
{Heap after GC invocations=17 (full 0):
 garbage-first heap   total 319488K, used 89892K [0x0000000600000000, 0x0000000800000000)
  region size 4096K, 4 young (16384K), 4 survivors (16384K)
 Metaspace       used 61832K, committed 63616K, reserved 1114112K
  class space    used 8638K, committed 9536K, reserved 1048576K
}
Event: 11.180 GC heap before
{Heap before GC invocations=17 (full 0):
 garbage-first heap   total 319488K, used 93988K [0x0000000600000000, 0x0000000800000000)
  region size 4096K, 6 young (24576K), 4 survivors (16384K)
 Metaspace       used 62205K, committed 63936K, reserved 1114112K
  class space    used 8688K, committed 9536K, reserved 1048576K
}
Event: 11.183 GC heap after
{Heap after GC invocations=18 (full 0):
 garbage-first heap   total 319488K, used 90406K [0x0000000600000000, 0x0000000800000000)
  region size 4096K, 1 young (4096K), 1 survivors (4096K)
 Metaspace       used 62205K, committed 63936K, reserved 1114112K
  class space    used 8688K, committed 9536K, reserved 1048576K
}
Event: 449.770 GC heap before
{Heap before GC invocations=19 (full 0):
 garbage-first heap   total 319488K, used 266534K [0x0000000600000000, 0x0000000800000000)
  region size 4096K, 45 young (184320K), 1 survivors (4096K)
 Metaspace       used 74407K, committed 76288K, reserved 1179648K
  class space    used 10269K, committed 11200K, reserved 1048576K
}
Event: 449.774 GC heap after
{Heap after GC invocations=20 (full 0):
 garbage-first heap   total 319488K, used 111721K [0x0000000600000000, 0x0000000800000000)
  region size 4096K, 6 young (24576K), 6 survivors (24576K)
 Metaspace       used 74407K, committed 76288K, reserved 1179648K
  class space    used 10269K, committed 11200K, reserved 1048576K
}

