# JRE version: OpenJDK Runtime Environment Homebrew (21.0.2) (build 21.0.2)
# Java VM: OpenJDK 64-Bit Server VM Homebrew (21.0.2, mixed mode, emulated-client, sharing, tiered, compressed oops, compressed class ptrs, g1 gc, bsd-aarch64)
GC Precious Log:
 CardTable entry size: 512
 Card Set container configuration: InlinePtr #cards 4 size 8 Array Of Cards #cards 32 size 80 Howl #buckets 8 coarsen threshold 7372 Howl Bitmap #cards 1024 size 144 coarsen threshold 921 Card regions per heap region 1 cards per card region 8192
 CPUs: 10 total, 10 available
 Memory: 32768M
 Large Page Support: Disabled
 NUMA Support: Disabled
 Compressed Oops: Enabled (Zero based)
 Heap Region Size: 4M
 Heap Min Capacity: 8M
 Heap Initial Capacity: 512M
 Heap Max Capacity: 8G
 Pre-touch: Disabled
 Parallel Workers: 9
 Concurrent Workers: 2
 Concurrent Refinement Workers: 9
 Periodic GC: Disabled
Heap:
 garbage-first heap   total 184320K, used 125292K [0x0000000600000000, 0x0000000800000000)
  region size 4096K, 9 young (36864K), 1 survivors (4096K)
 Metaspace       used 41902K, committed 43392K, reserved 1114112K
  class space    used 5829K, committed 6528K, reserved 1048576K
GC Heap History (20 events):
Event: 0.229 GC heap before
{Heap before GC invocations=0 (full 0):
 garbage-first heap   total 528384K, used 21516K [0x0000000600000000, 0x0000000800000000)
  region size 4096K, 6 young (24576K), 0 survivors (0K)
 Metaspace       used 3756K, committed 3968K, reserved 1114112K
  class space    used 449K, committed 512K, reserved 1048576K
}
Event: 0.232 GC heap after
{Heap after GC invocations=1 (full 0):
 garbage-first heap   total 528384K, used 12804K [0x0000000600000000, 0x0000000800000000)
  region size 4096K, 1 young (4096K), 1 survivors (4096K)
 Metaspace       used 3756K, committed 3968K, reserved 1114112K
  class space    used 449K, committed 512K, reserved 1048576K
}
Event: 0.271 GC heap before
{Heap before GC invocations=1 (full 0):
 garbage-first heap   total 528384K, used 33284K [0x0000000600000000, 0x0000000800000000)
  region size 4096K, 6 young (24576K), 1 survivors (4096K)
 Metaspace       used 3780K, committed 3968K, reserved 1114112K
  class space    used 453K, committed 512K, reserved 1048576K
}
Event: 0.273 GC heap after
{Heap after GC invocations=2 (full 0):
 garbage-first heap   total 528384K, used 18158K [0x0000000600000000, 0x0000000800000000)
  region size 4096K, 1 young (4096K), 1 survivors (4096K)
 Metaspace       used 3780K, committed 3968K, reserved 1114112K
  class space    used 453K, committed 512K, reserved 1048576K
}
Event: 0.411 GC heap before
{Heap before GC invocations=2 (full 0):
 garbage-first heap   total 528384K, used 46830K [0x0000000600000000, 0x0000000800000000)
  region size 4096K, 9 young (36864K), 1 survivors (4096K)
 Metaspace       used 6604K, committed 6976K, reserved 1114112K
  class space    used 835K, committed 1024K, reserved 1048576K
}
Event: 0.414 GC heap after
{Heap after GC invocations=3 (full 0):
 garbage-first heap   total 528384K, used 25301K [0x0000000600000000, 0x0000000800000000)
  region size 4096K, 2 young (8192K), 2 survivors (8192K)
 Metaspace       used 6604K, committed 6976K, reserved 1114112K
  class space    used 835K, committed 1024K, reserved 1048576K
}
Event: 0.587 GC heap before
{Heap before GC invocations=3 (full 0):
 garbage-first heap   total 528384K, used 66261K [0x0000000600000000, 0x0000000800000000)
  region size 4096K, 13 young (53248K), 2 survivors (8192K)
 Metaspace       used 11817K, committed 12224K, reserved 1114112K
  class space    used 1527K, committed 1728K, reserved 1048576K
}
Event: 0.590 GC heap after
{Heap after GC invocations=4 (full 0):
 garbage-first heap   total 528384K, used 28870K [0x0000000600000000, 0x0000000800000000)
  region size 4096K, 1 young (4096K), 1 survivors (4096K)
 Metaspace       used 11817K, committed 12224K, reserved 1114112K
  class space    used 1527K, committed 1728K, reserved 1048576K
}
Event: 0.709 GC heap before
{Heap before GC invocations=5 (full 0):
 garbage-first heap   total 139264K, used 110790K [0x0000000600000000, 0x0000000800000000)
  region size 4096K, 21 young (86016K), 1 survivors (4096K)
 Metaspace       used 18164K, committed 18880K, reserved 1114112K
  class space    used 2530K, committed 2880K, reserved 1048576K
}
Event: 0.712 GC heap after
{Heap after GC invocations=6 (full 0):
 garbage-first heap   total 139264K, used 36457K [0x0000000600000000, 0x0000000800000000)
  region size 4096K, 3 young (12288K), 3 survivors (12288K)
 Metaspace       used 18164K, committed 18880K, reserved 1114112K
  class space    used 2530K, committed 2880K, reserved 1048576K
}
Event: 0.812 GC heap before
{Heap before GC invocations=6 (full 0):
 garbage-first heap   total 139264K, used 81513K [0x0000000600000000, 0x0000000800000000)
  region size 4096K, 16 young (65536K), 3 survivors (12288K)
 Metaspace       used 20622K, committed 21504K, reserved 1114112K
  class space    used 2906K, committed 3328K, reserved 1048576K
}
Event: 0.815 GC heap after
{Heap after GC invocations=7 (full 0):
 garbage-first heap   total 172032K, used 37446K [0x0000000600000000, 0x0000000800000000)
  region size 4096K, 2 young (8192K), 2 survivors (8192K)
 Metaspace       used 20622K, committed 21504K, reserved 1114112K
  class space    used 2906K, committed 3328K, reserved 1048576K
}
Event: 0.847 GC heap before
{Heap before GC invocations=7 (full 0):
 garbage-first heap   total 172032K, used 45638K [0x0000000600000000, 0x0000000800000000)
  region size 4096K, 6 young (24576K), 2 survivors (8192K)
 Metaspace       used 20884K, committed 21824K, reserved 1114112K
  class space    used 2955K, committed 3392K, reserved 1048576K
}
Event: 0.849 GC heap after
{Heap after GC invocations=8 (full 0):
 garbage-first heap   total 172032K, used 37423K [0x0000000600000000, 0x0000000800000000)
  region size 4096K, 2 young (8192K), 2 survivors (8192K)
 Metaspace       used 20884K, committed 21824K, reserved 1114112K
  class space    used 2955K, committed 3392K, reserved 1048576K
}
Event: 1.030 GC heap before
{Heap before GC invocations=9 (full 0):
 garbage-first heap   total 172032K, used 127535K [0x0000000600000000, 0x0000000800000000)
  region size 4096K, 25 young (102400K), 2 survivors (8192K)
 Metaspace       used 28619K, committed 29888K, reserved 1114112K
  class space    used 4042K, committed 4672K, reserved 1048576K
}
Event: 1.032 GC heap after
{Heap after GC invocations=10 (full 0):
 garbage-first heap   total 172032K, used 42108K [0x0000000600000000, 0x0000000800000000)
  region size 4096K, 3 young (12288K), 3 survivors (12288K)
 Metaspace       used 28619K, committed 29888K, reserved 1114112K
  class space    used 4042K, committed 4672K, reserved 1048576K
}
Event: 1.281 GC heap before
{Heap before GC invocations=10 (full 0):
 garbage-first heap   total 172032K, used 111740K [0x0000000600000000, 0x0000000800000000)
  region size 4096K, 22 young (90112K), 3 survivors (12288K)
 Metaspace       used 35696K, committed 37120K, reserved 1114112K
  class space    used 5040K, committed 5760K, reserved 1048576K
}
Event: 1.287 GC heap after
{Heap after GC invocations=11 (full 0):
 garbage-first heap   total 172032K, used 49665K [0x0000000600000000, 0x0000000800000000)
  region size 4096K, 4 young (16384K), 4 survivors (16384K)
 Metaspace       used 35696K, committed 37120K, reserved 1114112K
  class space    used 5040K, committed 5760K, reserved 1048576K
}
Event: 1.341 GC heap before
{Heap before GC invocations=11 (full 0):
 garbage-first heap   total 172032K, used 90625K [0x0000000600000000, 0x0000000800000000)
  region size 4096K, 10 young (40960K), 4 survivors (16384K)
 Metaspace       used 35881K, committed 37312K, reserved 1114112K
  class space    used 5065K, committed 5760K, reserved 1048576K
}
Event: 1.345 GC heap after
{Heap after GC invocations=12 (full 0):
 garbage-first heap   total 172032K, used 76140K [0x0000000600000000, 0x0000000800000000)
  region size 4096K, 1 young (4096K), 1 survivors (4096K)
 Metaspace       used 35881K, committed 37312K, reserved 1114112K
  class space    used 5065K, committed 5760K, reserved 1048576K
}

