# JRE version: OpenJDK Runtime Environment Homebrew (21.0.2) (build 21.0.2)
# Java VM: OpenJDK 64-Bit Server VM Homebrew (21.0.2, mixed mode, emulated-client, sharing, tiered, compressed oops, compressed class ptrs, g1 gc, bsd-aarch64)
GC Precious Log:
 CardTable entry size: 512
 Card Set container configuration: InlinePtr #cards 4 size 8 Array Of Cards #cards 32 size 80 Howl #buckets 8 coarsen threshold 7372 Howl Bitmap #cards 1024 size 144 coarsen threshold 921 Card regions per heap region 1 cards per card region 8192
 CPUs: 10 total, 10 available
 Memory: 32768M
 Large Page Support: Disabled
 NUMA Support: Disabled
 Compressed Oops: Enabled (Zero based)
 Heap Region Size: 4M
 Heap Min Capacity: 8M
 Heap Initial Capacity: 512M
 Heap Max Capacity: 8G
 Pre-touch: Disabled
 Parallel Workers: 9
 Concurrent Workers: 2
 Concurrent Refinement Workers: 9
 Periodic GC: Disabled
Heap:
 garbage-first heap   total 180224K, used 136567K [0x0000000600000000, 0x0000000800000000)
  region size 4096K, 14 young (57344K), 3 survivors (12288K)
 Metaspace       used 39693K, committed 41216K, reserved 1114112K
  class space    used 5603K, committed 6336K, reserved 1048576K
GC Heap History (20 events):
Event: 0.221 GC heap before
{Heap before GC invocations=0 (full 0):
 garbage-first heap   total 528384K, used 21516K [0x0000000600000000, 0x0000000800000000)
  region size 4096K, 6 young (24576K), 0 survivors (0K)
 Metaspace       used 3756K, committed 3968K, reserved 1114112K
  class space    used 449K, committed 512K, reserved 1048576K
}
Event: 0.224 GC heap after
{Heap after GC invocations=1 (full 0):
 garbage-first heap   total 528384K, used 12927K [0x0000000600000000, 0x0000000800000000)
  region size 4096K, 1 young (4096K), 1 survivors (4096K)
 Metaspace       used 3756K, committed 3968K, reserved 1114112K
  class space    used 449K, committed 512K, reserved 1048576K
}
Event: 0.263 GC heap before
{Heap before GC invocations=1 (full 0):
 garbage-first heap   total 528384K, used 33407K [0x0000000600000000, 0x0000000800000000)
  region size 4096K, 6 young (24576K), 1 survivors (4096K)
 Metaspace       used 3780K, committed 3968K, reserved 1114112K
  class space    used 453K, committed 512K, reserved 1048576K
}
Event: 0.265 GC heap after
{Heap after GC invocations=2 (full 0):
 garbage-first heap   total 528384K, used 18148K [0x0000000600000000, 0x0000000800000000)
  region size 4096K, 1 young (4096K), 1 survivors (4096K)
 Metaspace       used 3780K, committed 3968K, reserved 1114112K
  class space    used 453K, committed 512K, reserved 1048576K
}
Event: 0.401 GC heap before
{Heap before GC invocations=2 (full 0):
 garbage-first heap   total 528384K, used 50916K [0x0000000600000000, 0x0000000800000000)
  region size 4096K, 9 young (36864K), 1 survivors (4096K)
 Metaspace       used 6590K, committed 6976K, reserved 1114112K
  class space    used 834K, committed 1024K, reserved 1048576K
}
Event: 0.404 GC heap after
{Heap after GC invocations=3 (full 0):
 garbage-first heap   total 528384K, used 25147K [0x0000000600000000, 0x0000000800000000)
  region size 4096K, 2 young (8192K), 2 survivors (8192K)
 Metaspace       used 6590K, committed 6976K, reserved 1114112K
  class space    used 834K, committed 1024K, reserved 1048576K
}
Event: 0.565 GC heap before
{Heap before GC invocations=3 (full 0):
 garbage-first heap   total 528384K, used 62011K [0x0000000600000000, 0x0000000800000000)
  region size 4096K, 12 young (49152K), 2 survivors (8192K)
 Metaspace       used 11529K, committed 11968K, reserved 1114112K
  class space    used 1496K, committed 1728K, reserved 1048576K
}
Event: 0.568 GC heap after
{Heap after GC invocations=4 (full 0):
 garbage-first heap   total 528384K, used 28301K [0x0000000600000000, 0x0000000800000000)
  region size 4096K, 1 young (4096K), 1 survivors (4096K)
 Metaspace       used 11529K, committed 11968K, reserved 1114112K
  class space    used 1496K, committed 1728K, reserved 1048576K
}
Event: 0.701 GC heap before
{Heap before GC invocations=5 (full 0):
 garbage-first heap   total 139264K, used 106125K [0x0000000600000000, 0x0000000800000000)
  region size 4096K, 20 young (81920K), 1 survivors (4096K)
 Metaspace       used 17763K, committed 18432K, reserved 1114112K
  class space    used 2477K, committed 2816K, reserved 1048576K
}
Event: 0.706 GC heap after
{Heap after GC invocations=6 (full 0):
 garbage-first heap   total 139264K, used 34940K [0x0000000600000000, 0x0000000800000000)
  region size 4096K, 3 young (12288K), 3 survivors (12288K)
 Metaspace       used 17763K, committed 18432K, reserved 1114112K
  class space    used 2477K, committed 2816K, reserved 1048576K
}
Event: 0.813 GC heap before
{Heap before GC invocations=6 (full 0):
 garbage-first heap   total 139264K, used 84092K [0x0000000600000000, 0x0000000800000000)
  region size 4096K, 17 young (69632K), 3 survivors (12288K)
 Metaspace       used 20569K, committed 21504K, reserved 1114112K
  class space    used 2919K, committed 3392K, reserved 1048576K
}
Event: 0.817 GC heap after
{Heap after GC invocations=7 (full 0):
 garbage-first heap   total 180224K, used 37273K [0x0000000600000000, 0x0000000800000000)
  region size 4096K, 2 young (8192K), 2 survivors (8192K)
 Metaspace       used 20569K, committed 21504K, reserved 1114112K
  class space    used 2919K, committed 3392K, reserved 1048576K
}
Event: 0.855 GC heap before
{Heap before GC invocations=7 (full 0):
 garbage-first heap   total 180224K, used 49561K [0x0000000600000000, 0x0000000800000000)
  region size 4096K, 6 young (24576K), 2 survivors (8192K)
 Metaspace       used 20896K, committed 21824K, reserved 1114112K
  class space    used 2965K, committed 3392K, reserved 1048576K
}
Event: 0.857 GC heap after
{Heap after GC invocations=8 (full 0):
 garbage-first heap   total 180224K, used 37381K [0x0000000600000000, 0x0000000800000000)
  region size 4096K, 2 young (8192K), 2 survivors (8192K)
 Metaspace       used 20896K, committed 21824K, reserved 1114112K
  class space    used 2965K, committed 3392K, reserved 1048576K
}
Event: 1.058 GC heap before
{Heap before GC invocations=9 (full 0):
 garbage-first heap   total 180224K, used 131589K [0x0000000600000000, 0x0000000800000000)
  region size 4096K, 26 young (106496K), 2 survivors (8192K)
 Metaspace       used 29273K, committed 30592K, reserved 1114112K
  class space    used 4165K, committed 4800K, reserved 1048576K
}
Event: 1.061 GC heap after
{Heap after GC invocations=10 (full 0):
 garbage-first heap   total 180224K, used 42666K [0x0000000600000000, 0x0000000800000000)
  region size 4096K, 3 young (12288K), 3 survivors (12288K)
 Metaspace       used 29273K, committed 30592K, reserved 1114112K
  class space    used 4165K, committed 4800K, reserved 1048576K
}
Event: 1.271 GC heap before
{Heap before GC invocations=10 (full 0):
 garbage-first heap   total 180224K, used 108202K [0x0000000600000000, 0x0000000800000000)
  region size 4096K, 21 young (86016K), 3 survivors (12288K)
 Metaspace       used 35652K, committed 37120K, reserved 1114112K
  class space    used 5064K, committed 5824K, reserved 1048576K
}
Event: 1.277 GC heap after
{Heap after GC invocations=11 (full 0):
 garbage-first heap   total 180224K, used 49883K [0x0000000600000000, 0x0000000800000000)
  region size 4096K, 4 young (16384K), 4 survivors (16384K)
 Metaspace       used 35652K, committed 37120K, reserved 1114112K
  class space    used 5064K, committed 5824K, reserved 1048576K
}
Event: 1.296 GC heap before
{Heap before GC invocations=11 (full 0):
 garbage-first heap   total 180224K, used 49883K [0x0000000600000000, 0x0000000800000000)
  region size 4096K, 5 young (20480K), 4 survivors (16384K)
 Metaspace       used 35952K, committed 37440K, reserved 1114112K
  class space    used 5113K, committed 5888K, reserved 1048576K
}
Event: 1.299 GC heap after
{Heap after GC invocations=12 (full 0):
 garbage-first heap   total 180224K, used 50551K [0x0000000600000000, 0x0000000800000000)
  region size 4096K, 3 young (12288K), 3 survivors (12288K)
 Metaspace       used 35952K, committed 37440K, reserved 1114112K
  class space    used 5113K, committed 5888K, reserved 1048576K
}

