# JRE version: OpenJDK Runtime Environment Homebrew (21.0.2) (build 21.0.2)
# Java VM: OpenJDK 64-Bit Server VM Homebrew (21.0.2, mixed mode, emulated-client, sharing, tiered, compressed oops, compressed class ptrs, g1 gc, bsd-aarch64)
GC Precious Log:
 CardTable entry size: 512
 Card Set container configuration: InlinePtr #cards 4 size 8 Array Of Cards #cards 32 size 80 Howl #buckets 8 coarsen threshold 7372 Howl Bitmap #cards 1024 size 144 coarsen threshold 921 Card regions per heap region 1 cards per card region 8192
 CPUs: 10 total, 10 available
 Memory: 32768M
 Large Page Support: Disabled
 NUMA Support: Disabled
 Compressed Oops: Enabled (Zero based)
 Heap Region Size: 4M
 Heap Min Capacity: 8M
 Heap Initial Capacity: 512M
 Heap Max Capacity: 8G
 Pre-touch: Disabled
 Parallel Workers: 9
 Concurrent Workers: 2
 Concurrent Refinement Workers: 9
 Periodic GC: Disabled
Heap:
 garbage-first heap   total 315392K, used 120626K [0x0000000600000000, 0x0000000800000000)
  region size 4096K, 11 young (45056K), 1 survivors (4096K)
 Metaspace       used 64140K, committed 65920K, reserved 1114112K
  class space    used 8896K, committed 9792K, reserved 1048576K
GC Heap History (20 events):
Event: 0.306 GC heap before
{Heap before GC invocations=2 (full 0):
 garbage-first heap   total 528384K, used 41996K [0x0000000600000000, 0x0000000800000000)
  region size 4096K, 7 young (28672K), 1 survivors (4096K)
 Metaspace       used 3780K, committed 3968K, reserved 1114112K
  class space    used 453K, committed 512K, reserved 1048576K
}
Event: 0.309 GC heap after
{Heap after GC invocations=3 (full 0):
 garbage-first heap   total 528384K, used 27803K [0x0000000600000000, 0x0000000800000000)
  region size 4096K, 1 young (4096K), 1 survivors (4096K)
 Metaspace       used 3780K, committed 3968K, reserved 1114112K
  class space    used 453K, committed 512K, reserved 1048576K
}
Event: 0.537 GC heap before
{Heap before GC invocations=3 (full 0):
 garbage-first heap   total 528384K, used 68763K [0x0000000600000000, 0x0000000800000000)
  region size 4096K, 12 young (49152K), 1 survivors (4096K)
 Metaspace       used 8520K, committed 8896K, reserved 1114112K
  class space    used 1114K, committed 1344K, reserved 1048576K
}
Event: 0.541 GC heap after
{Heap after GC invocations=4 (full 0):
 garbage-first heap   total 528384K, used 36125K [0x0000000600000000, 0x0000000800000000)
  region size 4096K, 2 young (8192K), 2 survivors (8192K)
 Metaspace       used 8520K, committed 8896K, reserved 1114112K
  class space    used 1114K, committed 1344K, reserved 1048576K
}
Event: 0.770 GC heap before
{Heap before GC invocations=4 (full 0):
 garbage-first heap   total 528384K, used 93469K [0x0000000600000000, 0x0000000800000000)
  region size 4096K, 16 young (65536K), 2 survivors (8192K)
 Metaspace       used 14612K, committed 15104K, reserved 1114112K
  class space    used 1956K, committed 2176K, reserved 1048576K
}
Event: 0.774 GC heap after
{Heap after GC invocations=5 (full 0):
 garbage-first heap   total 675840K, used 41520K [0x0000000600000000, 0x0000000800000000)
  region size 4096K, 2 young (8192K), 2 survivors (8192K)
 Metaspace       used 14612K, committed 15104K, reserved 1114112K
  class space    used 1956K, committed 2176K, reserved 1048576K
}
Event: 0.811 GC heap before
{Heap before GC invocations=5 (full 0):
 garbage-first heap   total 675840K, used 82480K [0x0000000600000000, 0x0000000800000000)
  region size 4096K, 13 young (53248K), 2 survivors (8192K)
 Metaspace       used 18443K, committed 19136K, reserved 1114112K
  class space    used 2543K, committed 2880K, reserved 1048576K
}
Event: 0.814 GC heap after
{Heap after GC invocations=6 (full 0):
 garbage-first heap   total 675840K, used 45833K [0x0000000600000000, 0x0000000800000000)
  region size 4096K, 3 young (12288K), 3 survivors (12288K)
 Metaspace       used 18443K, committed 19136K, reserved 1114112K
  class space    used 2543K, committed 2880K, reserved 1048576K
}
Event: 1.028 GC heap before
{Heap before GC invocations=7 (full 0):
 garbage-first heap   total 274432K, used 193289K [0x0000000600000000, 0x0000000800000000)
  region size 4096K, 40 young (163840K), 3 survivors (12288K)
 Metaspace       used 27839K, committed 28928K, reserved 1114112K
  class space    used 3877K, committed 4416K, reserved 1048576K
}
Event: 1.037 GC heap after
{Heap after GC invocations=8 (full 0):
 garbage-first heap   total 274432K, used 60308K [0x0000000600000000, 0x0000000800000000)
  region size 4096K, 5 young (20480K), 5 survivors (20480K)
 Metaspace       used 27839K, committed 28928K, reserved 1114112K
  class space    used 3877K, committed 4416K, reserved 1048576K
}
Event: 1.199 GC heap before
{Heap before GC invocations=8 (full 0):
 garbage-first heap   total 274432K, used 179092K [0x0000000600000000, 0x0000000800000000)
  region size 4096K, 35 young (143360K), 5 survivors (20480K)
 Metaspace       used 32592K, committed 33984K, reserved 1114112K
  class space    used 4663K, committed 5376K, reserved 1048576K
}
Event: 1.209 GC heap after
{Heap after GC invocations=9 (full 0):
 garbage-first heap   total 274432K, used 68705K [0x0000000600000000, 0x0000000800000000)
  region size 4096K, 2 young (8192K), 2 survivors (8192K)
 Metaspace       used 32592K, committed 33984K, reserved 1114112K
  class space    used 4663K, committed 5376K, reserved 1048576K
}
Event: 1.210 GC heap before
{Heap before GC invocations=9 (full 0):
 garbage-first heap   total 274432K, used 68705K [0x0000000600000000, 0x0000000800000000)
  region size 4096K, 3 young (12288K), 2 survivors (8192K)
 Metaspace       used 32676K, committed 34048K, reserved 1114112K
  class space    used 4667K, committed 5376K, reserved 1048576K
}
Event: 1.212 GC heap after
{Heap after GC invocations=10 (full 0):
 garbage-first heap   total 274432K, used 67783K [0x0000000600000000, 0x0000000800000000)
  region size 4096K, 2 young (8192K), 2 survivors (8192K)
 Metaspace       used 32676K, committed 34048K, reserved 1114112K
  class space    used 4667K, committed 5376K, reserved 1048576K
}
Event: 1.622 GC heap before
{Heap before GC invocations=11 (full 0):
 garbage-first heap   total 274432K, used 211143K [0x0000000600000000, 0x0000000800000000)
  region size 4096K, 38 young (155648K), 2 survivors (8192K)
 Metaspace       used 47195K, committed 48832K, reserved 1114112K
  class space    used 6731K, committed 7552K, reserved 1048576K
}
Event: 1.626 GC heap after
{Heap after GC invocations=12 (full 0):
 garbage-first heap   total 274432K, used 81697K [0x0000000600000000, 0x0000000800000000)
  region size 4096K, 5 young (20480K), 5 survivors (20480K)
 Metaspace       used 47195K, committed 48832K, reserved 1114112K
  class space    used 6731K, committed 7552K, reserved 1048576K
}
Event: 3.115 GC heap before
{Heap before GC invocations=12 (full 0):
 garbage-first heap   total 274432K, used 216865K [0x0000000600000000, 0x0000000800000000)
  region size 4096K, 27 young (110592K), 5 survivors (20480K)
 Metaspace       used 58556K, committed 60288K, reserved 1114112K
  class space    used 8217K, committed 9088K, reserved 1048576K
}
Event: 3.122 GC heap after
{Heap after GC invocations=13 (full 0):
 garbage-first heap   total 360448K, used 85080K [0x0000000600000000, 0x0000000800000000)
  region size 4096K, 2 young (8192K), 2 survivors (8192K)
 Metaspace       used 58556K, committed 60288K, reserved 1114112K
  class space    used 8217K, committed 9088K, reserved 1048576K
}
Event: 3.126 GC heap before
{Heap before GC invocations=13 (full 0):
 garbage-first heap   total 360448K, used 89176K [0x0000000600000000, 0x0000000800000000)
  region size 4096K, 4 young (16384K), 2 survivors (8192K)
 Metaspace       used 58903K, committed 60608K, reserved 1114112K
  class space    used 8256K, committed 9088K, reserved 1048576K
}
Event: 3.128 GC heap after
{Heap after GC invocations=14 (full 0):
 garbage-first heap   total 360448K, used 83762K [0x0000000600000000, 0x0000000800000000)
  region size 4096K, 1 young (4096K), 1 survivors (4096K)
 Metaspace       used 58903K, committed 60608K, reserved 1114112K
  class space    used 8256K, committed 9088K, reserved 1048576K
}

