# JRE version: OpenJDK Runtime Environment Homebrew (21.0.2) (build 21.0.2)
# Java VM: OpenJDK 64-Bit Server VM Homebrew (21.0.2, mixed mode, emulated-client, sharing, tiered, compressed oops, compressed class ptrs, g1 gc, bsd-aarch64)
GC Precious Log:
 CardTable entry size: 512
 Card Set container configuration: InlinePtr #cards 4 size 8 Array Of Cards #cards 32 size 80 Howl #buckets 8 coarsen threshold 7372 Howl Bitmap #cards 1024 size 144 coarsen threshold 921 Card regions per heap region 1 cards per card region 8192
 CPUs: 10 total, 10 available
 Memory: 32768M
 Large Page Support: Disabled
 NUMA Support: Disabled
 Compressed Oops: Enabled (Zero based)
 Heap Region Size: 4M
 Heap Min Capacity: 8M
 Heap Initial Capacity: 512M
 Heap Max Capacity: 8G
 Pre-touch: Disabled
 Parallel Workers: 9
 Concurrent Workers: 2
 Concurrent Refinement Workers: 9
 Periodic GC: Disabled
Heap:
 garbage-first heap   total 192512K, used 140602K [0x0000000600000000, 0x0000000800000000)
  region size 4096K, 13 young (53248K), 1 survivors (4096K)
 Metaspace       used 39445K, committed 40896K, reserved 1114112K
  class space    used 5523K, committed 6208K, reserved 1048576K
GC Heap History (16 events):
Event: 0.250 GC heap before
{Heap before GC invocations=0 (full 0):
 garbage-first heap   total 528384K, used 21516K [0x0000000600000000, 0x0000000800000000)
  region size 4096K, 6 young (24576K), 0 survivors (0K)
 Metaspace       used 3756K, committed 3968K, reserved 1114112K
  class space    used 449K, committed 512K, reserved 1048576K
}
Event: 0.253 GC heap after
{Heap after GC invocations=1 (full 0):
 garbage-first heap   total 528384K, used 13209K [0x0000000600000000, 0x0000000800000000)
  region size 4096K, 1 young (4096K), 1 survivors (4096K)
 Metaspace       used 3756K, committed 3968K, reserved 1114112K
  class space    used 449K, committed 512K, reserved 1048576K
}
Event: 0.291 GC heap before
{Heap before GC invocations=1 (full 0):
 garbage-first heap   total 528384K, used 33689K [0x0000000600000000, 0x0000000800000000)
  region size 4096K, 6 young (24576K), 1 survivors (4096K)
 Metaspace       used 3780K, committed 3968K, reserved 1114112K
  class space    used 453K, committed 512K, reserved 1048576K
}
Event: 0.293 GC heap after
{Heap after GC invocations=2 (full 0):
 garbage-first heap   total 528384K, used 18479K [0x0000000600000000, 0x0000000800000000)
  region size 4096K, 1 young (4096K), 1 survivors (4096K)
 Metaspace       used 3780K, committed 3968K, reserved 1114112K
  class space    used 453K, committed 512K, reserved 1048576K
}
Event: 0.432 GC heap before
{Heap before GC invocations=2 (full 0):
 garbage-first heap   total 528384K, used 47151K [0x0000000600000000, 0x0000000800000000)
  region size 4096K, 9 young (36864K), 1 survivors (4096K)
 Metaspace       used 6817K, committed 7168K, reserved 1114112K
  class space    used 862K, committed 1024K, reserved 1048576K
}
Event: 0.435 GC heap after
{Heap after GC invocations=3 (full 0):
 garbage-first heap   total 528384K, used 25612K [0x0000000600000000, 0x0000000800000000)
  region size 4096K, 2 young (8192K), 2 survivors (8192K)
 Metaspace       used 6817K, committed 7168K, reserved 1114112K
  class space    used 862K, committed 1024K, reserved 1048576K
}
Event: 0.662 GC heap before
{Heap before GC invocations=3 (full 0):
 garbage-first heap   total 528384K, used 78860K [0x0000000600000000, 0x0000000800000000)
  region size 4096K, 15 young (61440K), 2 survivors (8192K)
 Metaspace       used 13140K, committed 13568K, reserved 1114112K
  class space    used 1730K, committed 1920K, reserved 1048576K
}
Event: 0.665 GC heap after
{Heap after GC invocations=4 (full 0):
 garbage-first heap   total 528384K, used 30579K [0x0000000600000000, 0x0000000800000000)
  region size 4096K, 2 young (8192K), 2 survivors (8192K)
 Metaspace       used 13140K, committed 13568K, reserved 1114112K
  class space    used 1730K, committed 1920K, reserved 1048576K
}
Event: 0.810 GC heap before
{Heap before GC invocations=4 (full 0):
 garbage-first heap   total 528384K, used 128883K [0x0000000600000000, 0x0000000800000000)
  region size 4096K, 28 young (114688K), 2 survivors (8192K)
 Metaspace       used 20416K, committed 21376K, reserved 1114112K
  class space    used 2888K, committed 3328K, reserved 1048576K
}
Event: 0.815 GC heap after
{Heap after GC invocations=5 (full 0):
 garbage-first heap   total 634880K, used 36925K [0x0000000600000000, 0x0000000800000000)
  region size 4096K, 3 young (12288K), 3 survivors (12288K)
 Metaspace       used 20416K, committed 21376K, reserved 1114112K
  class space    used 2888K, committed 3328K, reserved 1048576K
}
Event: 0.972 GC heap before
{Heap before GC invocations=6 (full 0):
 garbage-first heap   total 192512K, used 135229K [0x0000000600000000, 0x0000000800000000)
  region size 4096K, 28 young (114688K), 3 survivors (12288K)
 Metaspace       used 25600K, committed 26880K, reserved 1114112K
  class space    used 3670K, committed 4288K, reserved 1048576K
}
Event: 0.976 GC heap after
{Heap after GC invocations=7 (full 0):
 garbage-first heap   total 192512K, used 40444K [0x0000000600000000, 0x0000000800000000)
  region size 4096K, 3 young (12288K), 3 survivors (12288K)
 Metaspace       used 25600K, committed 26880K, reserved 1114112K
  class space    used 3670K, committed 4288K, reserved 1048576K
}
Event: 1.272 GC heap before
{Heap before GC invocations=7 (full 0):
 garbage-first heap   total 192512K, used 130556K [0x0000000600000000, 0x0000000800000000)
  region size 4096K, 27 young (110592K), 3 survivors (12288K)
 Metaspace       used 34684K, committed 36096K, reserved 1114112K
  class space    used 4900K, committed 5632K, reserved 1048576K
}
Event: 1.277 GC heap after
{Heap after GC invocations=8 (full 0):
 garbage-first heap   total 192512K, used 49468K [0x0000000600000000, 0x0000000800000000)
  region size 4096K, 4 young (16384K), 4 survivors (16384K)
 Metaspace       used 34684K, committed 36096K, reserved 1114112K
  class space    used 4900K, committed 5632K, reserved 1048576K
}
Event: 1.285 GC heap before
{Heap before GC invocations=8 (full 0):
 garbage-first heap   total 192512K, used 49468K [0x0000000600000000, 0x0000000800000000)
  region size 4096K, 5 young (20480K), 4 survivors (16384K)
 Metaspace       used 35026K, committed 36416K, reserved 1114112K
  class space    used 4947K, committed 5632K, reserved 1048576K
}
Event: 1.288 GC heap after
{Heap after GC invocations=9 (full 0):
 garbage-first heap   total 192512K, used 50490K [0x0000000600000000, 0x0000000800000000)
  region size 4096K, 1 young (4096K), 1 survivors (4096K)
 Metaspace       used 35026K, committed 36416K, reserved 1114112K
  class space    used 4947K, committed 5632K, reserved 1048576K
}

