# JRE version: OpenJDK Runtime Environment Homebrew (21.0.2) (build 21.0.2)
# Java VM: OpenJDK 64-Bit Server VM Homebrew (21.0.2, mixed mode, emulated-client, sharing, tiered, compressed oops, compressed class ptrs, g1 gc, bsd-aarch64)
GC Precious Log:
 CardTable entry size: 512
 Card Set container configuration: InlinePtr #cards 4 size 8 Array Of Cards #cards 32 size 80 Howl #buckets 8 coarsen threshold 7372 Howl Bitmap #cards 1024 size 144 coarsen threshold 921 Card regions per heap region 1 cards per card region 8192
 CPUs: 10 total, 10 available
 Memory: 32768M
 Large Page Support: Disabled
 NUMA Support: Disabled
 Compressed Oops: Enabled (Zero based)
 Heap Region Size: 4M
 Heap Min Capacity: 8M
 Heap Initial Capacity: 512M
 Heap Max Capacity: 8G
 Pre-touch: Disabled
 Parallel Workers: 9
 Concurrent Workers: 2
 Concurrent Refinement Workers: 9
 Periodic GC: Disabled
Heap:
 garbage-first heap   total 192512K, used 135219K [0x0000000600000000, 0x0000000800000000)
  region size 4096K, 12 young (49152K), 1 survivors (4096K)
 Metaspace       used 39601K, committed 41024K, reserved 1114112K
  class space    used 5573K, committed 6208K, reserved 1048576K
GC Heap History (20 events):
Event: 0.216 GC heap before
{Heap before GC invocations=0 (full 0):
 garbage-first heap   total 528384K, used 21516K [0x0000000600000000, 0x0000000800000000)
  region size 4096K, 6 young (24576K), 0 survivors (0K)
 Metaspace       used 3756K, committed 3968K, reserved 1114112K
  class space    used 449K, committed 512K, reserved 1048576K
}
Event: 0.219 GC heap after
{Heap after GC invocations=1 (full 0):
 garbage-first heap   total 528384K, used 12881K [0x0000000600000000, 0x0000000800000000)
  region size 4096K, 1 young (4096K), 1 survivors (4096K)
 Metaspace       used 3756K, committed 3968K, reserved 1114112K
  class space    used 449K, committed 512K, reserved 1048576K
}
Event: 0.261 GC heap before
{Heap before GC invocations=1 (full 0):
 garbage-first heap   total 528384K, used 33361K [0x0000000600000000, 0x0000000800000000)
  region size 4096K, 6 young (24576K), 1 survivors (4096K)
 Metaspace       used 3780K, committed 3968K, reserved 1114112K
  class space    used 453K, committed 512K, reserved 1048576K
}
Event: 0.263 GC heap after
{Heap after GC invocations=2 (full 0):
 garbage-first heap   total 528384K, used 18048K [0x0000000600000000, 0x0000000800000000)
  region size 4096K, 1 young (4096K), 1 survivors (4096K)
 Metaspace       used 3780K, committed 3968K, reserved 1114112K
  class space    used 453K, committed 512K, reserved 1048576K
}
Event: 0.400 GC heap before
{Heap before GC invocations=2 (full 0):
 garbage-first heap   total 528384K, used 50816K [0x0000000600000000, 0x0000000800000000)
  region size 4096K, 9 young (36864K), 1 survivors (4096K)
 Metaspace       used 6588K, committed 6976K, reserved 1114112K
  class space    used 834K, committed 1024K, reserved 1048576K
}
Event: 0.403 GC heap after
{Heap after GC invocations=3 (full 0):
 garbage-first heap   total 528384K, used 25165K [0x0000000600000000, 0x0000000800000000)
  region size 4096K, 2 young (8192K), 2 survivors (8192K)
 Metaspace       used 6588K, committed 6976K, reserved 1114112K
  class space    used 834K, committed 1024K, reserved 1048576K
}
Event: 0.567 GC heap before
{Heap before GC invocations=3 (full 0):
 garbage-first heap   total 528384K, used 62029K [0x0000000600000000, 0x0000000800000000)
  region size 4096K, 12 young (49152K), 2 survivors (8192K)
 Metaspace       used 11611K, committed 12032K, reserved 1114112K
  class space    used 1505K, committed 1728K, reserved 1048576K
}
Event: 0.570 GC heap after
{Heap after GC invocations=4 (full 0):
 garbage-first heap   total 528384K, used 28666K [0x0000000600000000, 0x0000000800000000)
  region size 4096K, 1 young (4096K), 1 survivors (4096K)
 Metaspace       used 11611K, committed 12032K, reserved 1114112K
  class space    used 1505K, committed 1728K, reserved 1048576K
}
Event: 0.693 GC heap before
{Heap before GC invocations=5 (full 0):
 garbage-first heap   total 122880K, used 114682K [0x0000000600000000, 0x0000000800000000)
  region size 4096K, 22 young (90112K), 1 survivors (4096K)
 Metaspace       used 17847K, committed 18496K, reserved 1114112K
  class space    used 2500K, committed 2816K, reserved 1048576K
}
Event: 0.696 GC heap after
{Heap after GC invocations=6 (full 0):
 garbage-first heap   total 159744K, used 36068K [0x0000000600000000, 0x0000000800000000)
  region size 4096K, 3 young (12288K), 3 survivors (12288K)
 Metaspace       used 17847K, committed 18496K, reserved 1114112K
  class space    used 2500K, committed 2816K, reserved 1048576K
}
Event: 0.796 GC heap before
{Heap before GC invocations=6 (full 0):
 garbage-first heap   total 159744K, used 85220K [0x0000000600000000, 0x0000000800000000)
  region size 4096K, 17 young (69632K), 3 survivors (12288K)
 Metaspace       used 20597K, committed 21504K, reserved 1114112K
  class space    used 2917K, committed 3328K, reserved 1048576K
}
Event: 0.800 GC heap after
{Heap after GC invocations=7 (full 0):
 garbage-first heap   total 159744K, used 37206K [0x0000000600000000, 0x0000000800000000)
  region size 4096K, 2 young (8192K), 2 survivors (8192K)
 Metaspace       used 20597K, committed 21504K, reserved 1114112K
  class space    used 2917K, committed 3328K, reserved 1048576K
}
Event: 0.836 GC heap before
{Heap before GC invocations=7 (full 0):
 garbage-first heap   total 159744K, used 45398K [0x0000000600000000, 0x0000000800000000)
  region size 4096K, 6 young (24576K), 2 survivors (8192K)
 Metaspace       used 20898K, committed 21824K, reserved 1114112K
  class space    used 2964K, committed 3392K, reserved 1048576K
}
Event: 0.838 GC heap after
{Heap after GC invocations=8 (full 0):
 garbage-first heap   total 159744K, used 36913K [0x0000000600000000, 0x0000000800000000)
  region size 4096K, 2 young (8192K), 2 survivors (8192K)
 Metaspace       used 20898K, committed 21824K, reserved 1114112K
  class space    used 2964K, committed 3392K, reserved 1048576K
}
Event: 0.976 GC heap before
{Heap before GC invocations=9 (full 0):
 garbage-first heap   total 159744K, used 118833K [0x0000000600000000, 0x0000000800000000)
  region size 4096K, 23 young (94208K), 2 survivors (8192K)
 Metaspace       used 27707K, committed 28992K, reserved 1114112K
  class space    used 3944K, committed 4544K, reserved 1048576K
}
Event: 0.979 GC heap after
{Heap after GC invocations=10 (full 0):
 garbage-first heap   total 159744K, used 40406K [0x0000000600000000, 0x0000000800000000)
  region size 4096K, 3 young (12288K), 3 survivors (12288K)
 Metaspace       used 27707K, committed 28992K, reserved 1114112K
  class space    used 3944K, committed 4544K, reserved 1048576K
}
Event: 1.238 GC heap before
{Heap before GC invocations=10 (full 0):
 garbage-first heap   total 159744K, used 118230K [0x0000000600000000, 0x0000000800000000)
  region size 4096K, 23 young (94208K), 3 survivors (12288K)
 Metaspace       used 35167K, committed 36608K, reserved 1114112K
  class space    used 4987K, committed 5696K, reserved 1048576K
}
Event: 1.242 GC heap after
{Heap after GC invocations=11 (full 0):
 garbage-first heap   total 159744K, used 46445K [0x0000000600000000, 0x0000000800000000)
  region size 4096K, 3 young (12288K), 3 survivors (12288K)
 Metaspace       used 35167K, committed 36608K, reserved 1114112K
  class space    used 4987K, committed 5696K, reserved 1048576K
}
Event: 1.257 GC heap before
{Heap before GC invocations=11 (full 0):
 garbage-first heap   total 159744K, used 46445K [0x0000000600000000, 0x0000000800000000)
  region size 4096K, 4 young (16384K), 3 survivors (12288K)
 Metaspace       used 35677K, committed 37056K, reserved 1114112K
  class space    used 5051K, committed 5760K, reserved 1048576K
}
Event: 1.260 GC heap after
{Heap after GC invocations=12 (full 0):
 garbage-first heap   total 196608K, used 49203K [0x0000000600000000, 0x0000000800000000)
  region size 4096K, 1 young (4096K), 1 survivors (4096K)
 Metaspace       used 35677K, committed 37056K, reserved 1114112K
  class space    used 5051K, committed 5760K, reserved 1048576K
}

